<?xml version="1.0" encoding="UTF-8"?>
<!-- Generated by org.testng.reporters.JUnitXMLReporter -->
<testsuite ignored="0" hostname="SED-7TZPFB3" failures="0" tests="6" name="Test" time="103.92" errors="0" timestamp="2022-11-29T14:42:17 CST">
  <testcase classname="amazon.Test1" name="searchBarTestClick" time="2.382"/>
  <testcase classname="amazon.Test1" name="searchBarTestEnter" time="2.303"/>
  <testcase classname="example.HTMLPopup" name="oppsTest" time="23.28"/>
  <testcase classname="example.HTMLPopup" name="test1" time="5.285"/>
  <testcase classname="tests.virifyTextDisappearTest" name="verify1" time="14.508"/>
  <testcase classname="tests.virifyTextDisappearTest" name="verify2" time="1.262"/>
</testsuite> <!-- Test -->
