<?xml version="1.0" encoding="UTF-8"?>
<!-- Generated by org.testng.reporters.JUnitXMLReporter -->
<testsuite ignored="0" hostname="SED-7TZPFB3" failures="0" tests="6" name="Test" time="111.764" errors="0" timestamp="2022-11-29T14:50:42 CST">
  <testcase classname="amazon.Test1" name="searchBarTestClick" time="3.912"/>
  <testcase classname="amazon.Test1" name="searchBarTestEnter" time="1.443"/>
  <testcase classname="example.HTMLPopup" name="oppsTest" time="13.669"/>
  <testcase classname="example.HTMLPopup" name="test1" time="5.131"/>
  <testcase classname="tests.virifyTextDisappearTest" name="verify1" time="21.066"/>
  <testcase classname="tests.virifyTextDisappearTest" name="verify2" time="10.855"/>
</testsuite> <!-- Test -->
