<?xml version="1.0" encoding="UTF-8"?>
<testng-results ignored="0" total="1" passed="1" failed="0" skipped="0">
  <reporter-output>
  </reporter-output>
  <suite started-at="2022-11-29T09:46:29 CST" name="Suite" finished-at="2022-11-29T09:46:29 CST" duration-ms="34">
    <groups>
    </groups>
    <test started-at="2022-11-29T09:46:29 CST" name="Test" finished-at="2022-11-29T09:46:29 CST" duration-ms="34">
      <class name="example.FileExistsTest">
        <test-method signature="test()[pri:0, instance:example.FileExistsTest@6221a451]" started-at="2022-11-29T09:46:29 CST" name="test" finished-at="2022-11-29T09:46:29 CST" duration-ms="5" status="PASS">
          <reporter-output>
          </reporter-output>
        </test-method> <!-- test -->
      </class> <!-- example.FileExistsTest -->
    </test> <!-- Test -->
  </suite> <!-- Suite -->
</testng-results>
