<?xml version="1.0" encoding="UTF-8"?>
<testng-results ignored="0" total="1" passed="1" failed="0" skipped="0">
  <reporter-output>
  </reporter-output>
  <suite started-at="2022-11-28T12:44:29 CST" name="Suite" finished-at="2022-11-28T12:44:40 CST" duration-ms="10735">
    <groups>
    </groups>
    <test started-at="2022-11-28T12:44:29 CST" name="Test" finished-at="2022-11-28T12:44:40 CST" duration-ms="10735">
      <class name="tests.DragAndDrop">
        <test-method is-config="true" signature="setUpMethod()[pri:0, instance:tests.DragAndDrop@82de64a]" started-at="2022-11-28T12:44:29 CST" name="setUpMethod" finished-at="2022-11-28T12:44:33 CST" duration-ms="3673" status="PASS">
          <reporter-output>
          </reporter-output>
        </test-method> <!-- setUpMethod -->
        <test-method signature="dragAndDrop()[pri:0, instance:tests.DragAndDrop@82de64a]" started-at="2022-11-28T12:44:33 CST" name="dragAndDrop" finished-at="2022-11-28T12:44:36 CST" duration-ms="3773" status="PASS">
          <reporter-output>
          </reporter-output>
        </test-method> <!-- dragAndDrop -->
        <test-method is-config="true" signature="tearDownMethod()[pri:0, instance:tests.DragAndDrop@82de64a]" started-at="2022-11-28T12:44:36 CST" name="tearDownMethod" finished-at="2022-11-28T12:44:40 CST" duration-ms="3226" status="PASS">
          <reporter-output>
          </reporter-output>
        </test-method> <!-- tearDownMethod -->
      </class> <!-- tests.DragAndDrop -->
    </test> <!-- Test -->
  </suite> <!-- Suite -->
</testng-results>
