<?xml version="1.0" encoding="UTF-8"?>
<testng-results ignored="0" total="1" passed="1" failed="0" skipped="0">
  <reporter-output>
  </reporter-output>
  <suite started-at="2022-11-28T12:09:49 CST" name="Suite" finished-at="2022-11-28T12:10:01 CST" duration-ms="12253">
    <groups>
    </groups>
    <test started-at="2022-11-28T12:09:49 CST" name="Test" finished-at="2022-11-28T12:10:01 CST" duration-ms="12253">
      <class name="tests.DragAndDrop">
        <test-method is-config="true" signature="setUpMethod()[pri:0, instance:tests.DragAndDrop@2dc54ad4]" started-at="2022-11-28T12:09:49 CST" name="setUpMethod" finished-at="2022-11-28T12:09:53 CST" duration-ms="4789" status="PASS">
          <reporter-output>
          </reporter-output>
        </test-method> <!-- setUpMethod -->
        <test-method signature="dragAndDrop()[pri:0, instance:tests.DragAndDrop@2dc54ad4]" started-at="2022-11-28T12:09:53 CST" name="dragAndDrop" finished-at="2022-11-28T12:09:57 CST" duration-ms="4024" status="PASS">
          <reporter-output>
          </reporter-output>
        </test-method> <!-- dragAndDrop -->
        <test-method is-config="true" signature="tearDownMethod()[pri:0, instance:tests.DragAndDrop@2dc54ad4]" started-at="2022-11-28T12:09:57 CST" name="tearDownMethod" finished-at="2022-11-28T12:10:01 CST" duration-ms="3388" status="PASS">
          <reporter-output>
          </reporter-output>
        </test-method> <!-- tearDownMethod -->
      </class> <!-- tests.DragAndDrop -->
    </test> <!-- Test -->
  </suite> <!-- Suite -->
</testng-results>
