<?xml version="1.0" encoding="UTF-8"?>
<testng-results ignored="0" total="6" passed="6" failed="0" skipped="0">
  <reporter-output>
  </reporter-output>
  <suite started-at="2022-11-29T14:40:33 CST" name="Suite" finished-at="2022-11-29T14:42:17 CST" duration-ms="103920">
    <groups>
    </groups>
    <test started-at="2022-11-29T14:40:33 CST" name="Test" finished-at="2022-11-29T14:42:17 CST" duration-ms="103920">
      <class name="example.HTMLPopup">
        <test-method is-config="true" signature="setUp()[pri:0, instance:example.HTMLPopup@6e6f2380]" started-at="2022-11-29T14:41:14 CST" name="setUp" finished-at="2022-11-29T14:41:18 CST" duration-ms="4665" status="PASS">
          <reporter-output>
          </reporter-output>
        </test-method> <!-- setUp -->
        <test-method signature="oppsTest()[pri:0, instance:example.HTMLPopup@6e6f2380]" started-at="2022-11-29T14:41:18 CST" name="oppsTest" finished-at="2022-11-29T14:41:42 CST" duration-ms="23280" status="PASS">
          <reporter-output>
          </reporter-output>
        </test-method> <!-- oppsTest -->
        <test-method signature="test1()[pri:0, instance:example.HTMLPopup@6e6f2380]" started-at="2022-11-29T14:41:42 CST" name="test1" finished-at="2022-11-29T14:41:47 CST" duration-ms="5285" status="PASS">
          <reporter-output>
          </reporter-output>
        </test-method> <!-- test1 -->
        <test-method is-config="true" signature="leanUp()[pri:0, instance:example.HTMLPopup@6e6f2380]" started-at="2022-11-29T14:41:47 CST" name="leanUp" finished-at="2022-11-29T14:41:52 CST" duration-ms="5012" status="PASS">
          <reporter-output>
          </reporter-output>
        </test-method> <!-- leanUp -->
      </class> <!-- example.HTMLPopup -->
      <class name="amazon.Test1">
        <test-method is-config="true" signature="before()[pri:0, instance:amazon.Test1@f78a47e]" started-at="2022-11-29T14:40:33 CST" name="before" finished-at="2022-11-29T14:41:05 CST" duration-ms="31791" status="PASS">
          <reporter-output>
          </reporter-output>
        </test-method> <!-- before -->
        <test-method signature="searchBarTestClick()[pri:0, instance:amazon.Test1@f78a47e]" started-at="2022-11-29T14:41:05 CST" name="searchBarTestClick" finished-at="2022-11-29T14:41:07 CST" duration-ms="2382" status="PASS">
          <reporter-output>
          </reporter-output>
        </test-method> <!-- searchBarTestClick -->
        <test-method signature="searchBarTestEnter()[pri:0, instance:amazon.Test1@f78a47e]" started-at="2022-11-29T14:41:07 CST" name="searchBarTestEnter" finished-at="2022-11-29T14:41:09 CST" duration-ms="2303" status="PASS">
          <reporter-output>
          </reporter-output>
        </test-method> <!-- searchBarTestEnter -->
        <test-method is-config="true" signature="after()[pri:0, instance:amazon.Test1@f78a47e]" started-at="2022-11-29T14:41:09 CST" name="after" finished-at="2022-11-29T14:41:14 CST" duration-ms="4377" status="PASS">
          <reporter-output>
          </reporter-output>
        </test-method> <!-- after -->
      </class> <!-- amazon.Test1 -->
      <class name="tests.virifyTextDisappearTest">
        <test-method is-config="true" signature="setUpMethod()[pri:0, instance:tests.virifyTextDisappearTest@76a4ebf2]" started-at="2022-11-29T14:41:52 CST" name="setUpMethod" finished-at="2022-11-29T14:41:57 CST" duration-ms="4643" status="PASS">
          <reporter-output>
          </reporter-output>
        </test-method> <!-- setUpMethod -->
        <test-method signature="verify1()[pri:0, instance:tests.virifyTextDisappearTest@76a4ebf2]" started-at="2022-11-29T14:41:57 CST" name="verify1" finished-at="2022-11-29T14:42:11 CST" duration-ms="14508" status="PASS">
          <reporter-output>
          </reporter-output>
        </test-method> <!-- verify1 -->
        <test-method signature="verify2()[pri:0, instance:tests.virifyTextDisappearTest@76a4ebf2]" started-at="2022-11-29T14:42:11 CST" name="verify2" finished-at="2022-11-29T14:42:12 CST" duration-ms="1262" status="PASS">
          <reporter-output>
          </reporter-output>
        </test-method> <!-- verify2 -->
        <test-method is-config="true" signature="tearDownMethod()[pri:0, instance:tests.virifyTextDisappearTest@76a4ebf2]" started-at="2022-11-29T14:42:12 CST" name="tearDownMethod" finished-at="2022-11-29T14:42:17 CST" duration-ms="4341" status="PASS">
          <reporter-output>
          </reporter-output>
        </test-method> <!-- tearDownMethod -->
      </class> <!-- tests.virifyTextDisappearTest -->
    </test> <!-- Test -->
  </suite> <!-- Suite -->
</testng-results>
